<?xml version="1.0" encoding="UTF-8"?>
<!-- Generated by org.testng.reporters.JUnitXMLReporter -->
<testsuite ignored="0" hostname="Aravindanaths-MacBook-Pro.local" failures="1" tests="1" name="Test on Chrome(failed)" time="15.832" errors="0" timestamp="2022-12-10T09:50:40 IST">
  <testcase classname="testscripts.TC_001" name="TC_001" time="7.736">
    <failure type="java.lang.AssertionError" message="Failing..">
      <![CDATA[java.lang.AssertionError: Failing..
at testscripts.TC_001.TC_001(TC_001.java:16)
at java.base/java.util.ArrayList.forEach(ArrayList.java:1541)
at testscripts.FailedRunner.main(FailedRunner.java:19)
... Removed 25 stack frames]]>
    </failure>
  </testcase> <!-- TC_001 -->
</testsuite> <!-- Test on Chrome(failed) -->
